<?xml version="1.0" encoding="UTF-8"?>
<!-- Generated by org.testng.reporters.JUnitReportReporter -->
<testsuite skipped="0" hostname="LAPTOP-Q35KUDM9" name="executionEngine.DriverScriptTest" tests="1" failures="0" timestamp="22 Aug 2018 04:33:38 GMT" time="54.641" errors="0">
  <testcase name="Intitialize" time="54.641" classname="executionEngine.DriverScriptTest"/>
</testsuite> <!-- executionEngine.DriverScriptTest -->
